{
  "0 debug pnpm:scope": {
    "selected": 1,
    "workspacePrefix": "/home/phaicom/document/personal/wordoodle"
  },
  "1 error pnpm": {
    "errno": 1,
    "code": "ELIFECYCLE",
    "pkgid": "@wordoodle/core@0.0.1",
    "stage": "build",
    "script": "unbuild",
    "pkgname": "@wordoodle/core",
    "err": {
      "name": "pnpm",
      "message": "@wordoodle/core@0.0.1 build: `unbuild`\nExit status 1",
      "code": "ELIFECYCLE",
      "stack": "pnpm: @wordoodle/core@0.0.1 build: `unbuild`\nExit status 1\n    at EventEmitter.<anonymous> (/home/phaicom/.fnm/node-versions/v16.13.2/installation/lib/node_modules/pnpm/dist/pnpm.cjs:105646:20)\n    at EventEmitter.emit (node:events:390:28)\n    at ChildProcess.<anonymous> (/home/phaicom/.fnm/node-versions/v16.13.2/installation/lib/node_modules/pnpm/dist/pnpm.cjs:92194:18)\n    at ChildProcess.emit (node:events:390:28)\n    at maybeClose (node:internal/child_process:1064:16)\n    at Process.ChildProcess._handle.onexit (node:internal/child_process:301:5)"
    }
  },
  "2 warn pnpm:global": " Local package.json exists, but node_modules missing, did you mean to install?"
}